Drill Listing
=============
Drill: 15  Tool: 1  Feed: 95  Speed: 300
X -137000  Y -440000
X -152000  Y -398000
X -131000  Y -397000
X -138000  Y -385000
X -152000  Y -384000
X -153500  Y -367500
X -137100  Y -262700
X -132500  Y -260500
X -131000  Y -256500
X -132500  Y -242000
X -146000  Y -241500
X -137000  Y -224000
X -150500  Y -223500
X -140000  Y -199500
X -153500  Y -199000
X -143500  Y -174500
X -153000  Y -160000
X -139000  Y -160000
X -148800  Y -140400
X -133500  Y -140400
X -141000  Y -125500
X -154500  Y -125000
X -134000  Y -105500
X -147500  Y -105000
X -141500  Y -91000
X -155000  Y -90500
X -137500  Y -71000
X -151000  Y -70500
X -142500  Y 35000
X -153500  Y 40500
X -137000  Y 45200
X -143200  Y 51300
X -137000  Y 57200
X -153500  Y 62000
X -136000  Y 63100
X -136800  Y 78800
X -153500  Y 80000
X -111000  Y 82000
X -105200  Y 77200
X -123500  Y 74500
X -129000  Y 74500
X -118400  Y 18300
X -118500  Y 12500
X -108700  Y 5400
X -113500  Y 5200
X -128000  Y -91000
X -114500  Y -91500
X -117000  Y -105500
X -124700  Y -125200
X -110500  Y -125500
X -119000  Y -140500
X -125500  Y -160500
X -112000  Y -160500
X -124000  Y -174500
X -108400  Y -174600
X -126500  Y -199500
X -109500  Y -208000
X -116500  Y -209300
X -109100  Y -223700
X -123500  Y -224000
X -119000  Y -242000
X -124500  Y -258500
X -114900  Y -318300
X -109600  Y -318400
X -109700  Y -352700
X -114600  Y -355600
X -130000  Y -367000
X -115000  Y -367000
X -121000  Y -384000
X -111000  Y -397000
X -121000  Y -411000
X -127000  Y -427000
X -112000  Y -427000
X -121000  Y -440000
X -104000  Y -440000
X -88000  Y -440000
X -86500  Y -427000
X -95000  Y -427000
X -89000  Y -412000
X -105000  Y -411000
X -95000  Y -397500
X -86000  Y -397000
X -105000  Y -385000
X -86000  Y -381500
X -93000  Y -367000
X -99700  Y -350800
X -99700  Y -335400
X -104700  Y -331800
X -92300  Y -316100
X -100600  Y -303000
X -100500  Y -297500
X -83000  Y -293400
X -92500  Y -292500
X -91900  Y -287500
X -90300  Y -241300
X -94000  Y -224000
X -102500  Y -208600
X -102500  Y -192000
X -102700  Y -186800
X -92900  Y -174600
X -98500  Y -160400
X -83300  Y -160400
X -104200  Y -140100
X -88000  Y -140000
X -82000  Y -126500
X -95500  Y -126000
X -103500  Y -106000
X -88000  Y -106000
X -91500  Y -89500
X -98500  Y -54500
X -95400  Y -18800
X -100500  Y -9000
X -104100  Y -8900
X -82500  Y -4000
X -95400  Y -1300
X -82500  Y 2500
X -103100  Y 10800
X -98700  Y 11400
X -87500  Y 21000
X -91000  Y 29300
X -84900  Y 34700
X -88300  Y 64900
X -102000  Y 65000
X -88500  Y 80000
X -88800  Y 97900
X -59500  Y 107900
X -72600  Y 98900
X -59700  Y 90400
X -59800  Y 85300
X -67700  Y 80600
X -58700  Y 71200
X -56000  Y 65000
X -76300  Y 64900
X -66000  Y 64700
X -79000  Y 53000
X -62500  Y 53000
X -70500  Y 52500
X -59500  Y 43000
X -68100  Y 37500
X -59000  Y 36000
X -60800  Y 26200
X -73200  Y 25900
X -60100  Y 15600
X -60500  Y -17500
X -60500  Y -77500
X -78000  Y -90000
X -58000  Y -100000
X -74500  Y -106500
X -56000  Y -125500
X -58400  Y -135000
X -74100  Y -140400
X -60900  Y -144700
X -67000  Y -160400
X -59100  Y -165000
X -58500  Y -174500
X -76600  Y -174600
X -63200  Y -174900
X -70500  Y -208400
X -56500  Y -210800
X -67300  Y -210800
X -62000  Y -216600
X -65000  Y -223500
X -73000  Y -241000
X -59500  Y -241500
X -67500  Y -257000
X -74200  Y -312500
X -56700  Y -327300
X -70300  Y -328700
X -61500  Y -332600
X -63600  Y -343000
X -59500  Y -367000
X -77000  Y -367000
X -63000  Y -379000
X -73000  Y -381000
X -79500  Y -381500
X -63000  Y -391500
X -79500  Y -396500
X -73000  Y -397500
X -61000  Y -400000
X -64500  Y -424000
X -71000  Y -424000
X -80000  Y -427000
X -73500  Y -427000
X -80000  Y -434000
X -66000  Y -434500
X -56000  Y -440000
X -73000  Y -440000
X -39000  Y -440000
X -33000  Y -428000
X -49500  Y -400000
X -35200  Y -399500
X -40500  Y -396500
X -55000  Y -394500
X -44500  Y -367000
X -30800  Y -366200
X -50100  Y -354500
X -33500  Y -332500
X -40000  Y -321500
X -46000  Y -321000
X -53000  Y -317800
X -40000  Y -313500
X -44500  Y -312500
X -31500  Y -298500
X -34500  Y -282000
X -39000  Y -280500
X -45000  Y -276600
X -34000  Y -271500
X -37000  Y -267000
X -49500  Y -264000
X -31000  Y -261000
X -40500  Y -257500
X -54000  Y -257500
X -46000  Y -241500
X -38000  Y -224000
X -51500  Y -224000
X -49000  Y -210500
X -32000  Y -209500
X -38000  Y -203500
X -37700  Y -197200
X -35700  Y -174500
X -45900  Y -174400
X -52400  Y -173300
X -42000  Y -125000
X -32500  Y -113000
X -49500  Y -112500
X -42500  Y -99500
X -34000  Y -87500
X -51000  Y -87500
X -41500  Y -77000
X -48000  Y -69000
X -32500  Y -67000
X -31000  Y -55500
X -47000  Y -32500
X -44000  Y -14500
X -52900  Y -7400
X -53200  Y 13500
X -36500  Y 16500
X -46300  Y 19100
X -33500  Y 33500
X -49500  Y 37500
X -32500  Y 38000
X -39500  Y 38000
X -47000  Y 52500
X -53500  Y 53000
X -35500  Y 53500
X -33200  Y 57600
X -50000  Y 62000
X -45600  Y 67100
X -42500  Y 67600
X -48600  Y 67800
X -35000  Y 74500
X -32300  Y 79200
X -52600  Y 92900
X -32300  Y 98400
X -51200  Y 99100
X -41500  Y 107900
X -22900  Y 108000
X -15500  Y 98600
X -27700  Y 83700
X -11000  Y 83000
X -19000  Y 81700
X -22100  Y 79200
X -5500  Y 76900
X -29800  Y 72500
X -25500  Y 72500
X -15000  Y 72200
X -5200  Y 60800
X -16500  Y 60400
X -13000  Y 55000
X -25500  Y 51500
X -19500  Y 51500
X -25500  Y 49000
X -19500  Y 49000
X -22500  Y 46000
X -25500  Y 46000
X -19500  Y 46000
X -20000  Y 37500
X -24500  Y 36500
X -13700  Y 33300
X -26000  Y 22300
X -20500  Y 22000
X -14500  Y 15000
X -11500  Y 6800
X -15900  Y 6500
X -7500  Y 4300
X -19800  Y 600
X -21400  Y -3000
X -23200  Y -12700
X -5800  Y -15200
X -25500  Y -32000
X -15500  Y -48000
X -6500  Y -49500
X -20500  Y -50000
X -24000  Y -57500
X -28000  Y -76500
X -12000  Y -78000
X -19500  Y -87000
X -25500  Y -99500
X -12000  Y -100000
X -19000  Y -113500
X -11500  Y -124000
X -27500  Y -124500
X -25200  Y -135000
X -11500  Y -136000
X -19500  Y -150000
X -19300  Y -156100
X -18500  Y -160500
X -23000  Y -162000
X -25000  Y -165500
X -18500  Y -170000
X -11000  Y -170000
X -10000  Y -179000
X -19500  Y -179500
X -11000  Y -190000
X -19000  Y -191000
X -29200  Y -192200
X -8500  Y -198000
X -18000  Y -200000
X -29400  Y -200000
X -11500  Y -207000
X -18500  Y -210000
X -5500  Y -213000
X -8300  Y -221200
X -19300  Y -221600
X -12500  Y -231000
X -15000  Y -242500
X -28500  Y -242800
X -20900  Y -255400
X -8500  Y -256200
X -24000  Y -259400
X -27000  Y -263500
X -5100  Y -298200
X -7000  Y -314500
X -25350  Y -323350
X -29000  Y -330000
X -19500  Y -330000
X -8600  Y -334300
X -19700  Y -337000
X -30000  Y -339500
X -7200  Y -341100
X -20000  Y -344500
X -5100  Y -345100
X -16000  Y -361500
X -24900  Y -399500
X -21000  Y -404000
X -30000  Y -405600
X -15500  Y -430000
X -22000  Y -436000
X -23000  Y -440000
X -5000  Y -440000
X 12000  Y -440000
X 14900  Y -426700
X 3800  Y -411500
X 7600  Y -410500
X 7500  Y -406500
X 9100  Y -397900
X -500  Y -397600
X 16300  Y -392200
X 2600  Y -392200
X 1200  Y -387600
X 6400  Y -382600
X 1300  Y -382500
X 12600  Y -381700
X -3000  Y -376700
X 10000  Y -374000
X 9800  Y -363500
X -1000  Y -354500
X 10500  Y -350000
X 10000  Y -336500
X 9500  Y -330000
X 5900  Y -298200
X 17000  Y -298000
X 11000  Y -298000
X -1700  Y -258400
X -2300  Y -242800
X 10800  Y -242500
X 17500  Y -236000
X -200  Y -230800
X 9500  Y -228000
X 2500  Y -221500
X 13000  Y -219500
X 5500  Y -212000
X 17500  Y -209900
X -2000  Y -205000
X 19500  Y -198000
X 6000  Y -197500
X 12700  Y -190300
X -300  Y -190300
X 1500  Y -178800
X 11900  Y -178800
X 2000  Y -170000
X 13500  Y -169000
X 19100  Y -159300
X -1400  Y -158100
X 16900  Y -155300
X 7400  Y -152800
X 15100  Y -146700
X -4000  Y -144500
X 6400  Y -144400
X 15500  Y -136200
X 3000  Y -136000
X 14000  Y -125000
X 3000  Y -124500
X 14000  Y -115000
X -4000  Y -113500
X 14000  Y -106000
X 13400  Y -100500
X 7300  Y -100400
X 500  Y -100000
X -4500  Y -87500
X 13400  Y -84100
X 7400  Y -84100
X 9000  Y -79500
X 14700  Y -74300
X 1000  Y -74000
X 14500  Y -64500
X 0  Y -56000
X 14000  Y -54000
X 5800  Y -48000
X 13700  Y -47100
X 13100  Y -14800
X 7200  Y -14400
X 3400  Y -14100
X 15500  Y -4500
X 10600  Y 4200
X 19400  Y 7100
X -4800  Y 10400
X 4800  Y 14800
X 15500  Y 25000
X 15500  Y 28400
X 6100  Y 29900
X 900  Y 33100
X 12200  Y 38400
X -4900  Y 40900
X 10200  Y 41700
X -1800  Y 44400
X 8200  Y 45000
X 7800  Y 59300
X 15000  Y 59400
X 0  Y 59500
X -4000  Y 64200
X 11500  Y 65200
X 5100  Y 67200
X 4900  Y 73000
X 8000  Y 76000
X 19400  Y 79500
X 12500  Y 81800
X -1000  Y 83000
X 19000  Y 83100
X 3000  Y 87700
X 8300  Y 93000
X 19000  Y 96500
X 12500  Y 96500
X 2900  Y 97800
X -3900  Y 98400
X 16800  Y 99600
X 10900  Y 108200
X -5000  Y 108300
X 24800  Y 108200
X 39100  Y 108200
X 31900  Y 98900
X 25500  Y 96500
X 31300  Y 86700
X 25500  Y 81900
X 22600  Y 72600
X 22900  Y 65500
X 22600  Y 58500
X 27000  Y 53800
X 32600  Y 45300
X 43400  Y 39900
X 34000  Y 33000
X 27500  Y 33000
X 44500  Y 33000
X 21000  Y 29000
X 35200  Y 28700
X 30000  Y 28500
X 44200  Y 25700
X 26700  Y 25300
X 34000  Y 24500
X 44200  Y 16800
X 21500  Y 13000
X 37200  Y 7500
X 33400  Y 100
X 38000  Y -5200
X 44700  Y -10500
X 21700  Y -10500
X 38000  Y -16900
X 21500  Y -31600
X 31000  Y -32400
X 37400  Y -32500
X 21100  Y -47400
X 32600  Y -49400
X 21500  Y -55500
X 31800  Y -55800
X 43000  Y -57000
X 31300  Y -61000
X 44500  Y -68000
X 38000  Y -68500
X 21600  Y -74800
X 44500  Y -75000
X 38000  Y -80500
X 44500  Y -81000
X 36200  Y -84200
X 20200  Y -84400
X 32000  Y -87500
X 42000  Y -91500
X 22000  Y -93000
X 31500  Y -94500
X 42000  Y -99500
X 22000  Y -102000
X 31500  Y -102500
X 37300  Y -107900
X 21500  Y -110000
X 32600  Y -111900
X 31000  Y -117500
X 22000  Y -117500
X 40500  Y -121000
X 31000  Y -125500
X 22200  Y -125600
X 22000  Y -131500
X 31500  Y -134000
X 23800  Y -140500
X 37500  Y -141000
X 40500  Y -144000
X 30500  Y -145000
X 44250  Y -145750
X 23600  Y -148800
X 27500  Y -153500
X 21000  Y -169000
X 27000  Y -170500
X 28000  Y -180500
X 20000  Y -181000
X 24900  Y -190300
X 40000  Y -197000
X 30500  Y -210000
X 25500  Y -221000
X 39000  Y -221500
X 20500  Y -227000
X 27000  Y -234000
X 37500  Y -234500
X 25000  Y -242000
X 39000  Y -243000
X 44000  Y -250500
X 22100  Y -257600
X 44500  Y -258500
X 41500  Y -281000
X 29500  Y -297500
X 34500  Y -297500
X 25200  Y -297800
X 27400  Y -313900
X 27000  Y -317800
X 34900  Y -322400
X 24500  Y -328500
X 35500  Y -328500
X 24500  Y -334000
X 35100  Y -336100
X 25300  Y -339300
X 35300  Y -342600
X 26700  Y -345100
X 21000  Y -353000
X 37000  Y -353000
X 38700  Y -363000
X 20900  Y -363600
X 42400  Y -369000
X 20600  Y -371800
X 38800  Y -379200
X 20000  Y -382500
X 44500  Y -386400
X 40000  Y -390300
X 24600  Y -390500
X 34700  Y -390700
X 20200  Y -397300
X 32600  Y -398500
X 29100  Y -398500
X 44600  Y -400500
X 35500  Y -401000
X 31900  Y -401900
X 28100  Y -404500
X 34500  Y -404900
X 30800  Y -405200
X 38100  Y -412500
X 23700  Y -413500
X 28600  Y -413900
X 42500  Y -414000
X 23600  Y -424500
X 42500  Y -425500
X 31600  Y -428000
X 29000  Y -440000
X 45500  Y -440000
X 64500  Y -440000
X 48100  Y -419800
X 60100  Y -409000
X 49500  Y -405500
X 60600  Y -400500
X 67100  Y -395000
X 59100  Y -394500
X 55200  Y -379200
X 51000  Y -370500
X 58000  Y -366000
X 65500  Y -359000
X 46000  Y -357500
X 66500  Y -353000
X 66000  Y -341500
X 49700  Y -337894
X 62600  Y -327600
X 68000  Y -326500
X 66500  Y -318500
X 62500  Y -317000
X 51400  Y -312800
X 47500  Y -312700
X 57300  Y -312400
X 58100  Y -283700
X 55000  Y -267000
X 63000  Y -267000
X 69500  Y -262500
X 62500  Y -257500
X 69500  Y -255500
X 56900  Y -249800
X 62000  Y -246000
X 50000  Y -244000
X 57000  Y -243000
X 62000  Y -240500
X 50500  Y -233500
X 62000  Y -229000
X 48500  Y -228500
X 56500  Y -221000
X 62800  Y -210000
X 47000  Y -210000
X 53500  Y -197500
X 48000  Y -153000
X 64000  Y -153000
X 67100  Y -145400
X 57000  Y -145000
X 64000  Y -136500
X 56000  Y -136500
X 50500  Y -126500
X 60000  Y -126500
X 45300  Y -125300
X 45000  Y -113500
X 60100  Y -106000
X 54300  Y -105700
X 68000  Y -105000
X 52000  Y -94000
X 64000  Y -94000
X 52000  Y -84000
X 52000  Y -74000
X 52000  Y -61500
X 45400  Y -46100
X 60500  Y -42500
X 57000  Y -18500
X 47400  Y -15800
X 69000  Y -10500
X 57500  Y -10300
X 47300  Y -4500
X 52700  Y 17000
X 52600  Y 25800
X 66700  Y 25900
X 55900  Y 36900
X 46000  Y 45500
X 54100  Y 57800
X 67100  Y 66600
X 56100  Y 67200
X 51200  Y 79700
X 66900  Y 79700
X 46100  Y 85900
X 50900  Y 92500
X 49400  Y 99500
X 67200  Y 107800
X 52500  Y 108200
X 82000  Y 108000
X 78500  Y 87000
X 91500  Y 84300
X 91700  Y 67000
X 78900  Y 67000
X 83900  Y 57200
X 74200  Y 45600
X 89500  Y 45500
X 86200  Y 33000
X 84600  Y 24100
X 83900  Y 17200
X 83900  Y 100
X 91400  Y -22000
X 74500  Y -93000
X 91200  Y -93800
X 91700  Y -100100
X 75000  Y -102500
X 86600  Y -104800
X 81000  Y -109500
X 76000  Y -116000
X 84500  Y -116000
X 84000  Y -124500
X 76000  Y -125000
X 72000  Y -137000
X 86800  Y -137500
X 77100  Y -142000
X 83100  Y -142200
X 78500  Y -153000
X 92500  Y -153000
X 70500  Y -196500
X 84000  Y -197000
X 79000  Y -210300
X 70000  Y -221500
X 78500  Y -229000
X 92000  Y -229500
X 70500  Y -240500
X 84000  Y -241000
X 84000  Y -255500
X 84000  Y -262000
X 73500  Y -268500
X 80000  Y -275500
X 72500  Y -285500
X 87000  Y -290900
X 71900  Y -297200
X 87000  Y -304000
X 71700  Y -308300
X 72500  Y -316000
X 87000  Y -320000
X 75500  Y -323500
X 73000  Y -330500
X 74000  Y -341500
X 78300  Y -349300
X 91500  Y -351000
X 80500  Y -355000
X 80000  Y -373000
X 80500  Y -388000
X 80500  Y -404000
X 108000  Y -404000
X 108000  Y -373000
X 108000  Y -343000
X 108000  Y -311000
X 108000  Y -281000
X 108000  Y -253000
X 108000  Y -224000
X 109000  Y -187000
X 108500  Y -154500
X 95500  Y -140500
X 108400  Y -140200
X 96700  Y -105800
X 107500  Y -103400
X 96700  Y -94400
X 108000  Y -86100
X 107000  Y -71000
X 107000  Y -53000
X 107000  Y -34000
X 107000  Y -14000
X 97000  Y -5600
X 107000  Y 6000
X 96700  Y 12400
X 107000  Y 26000
X 99300  Y 32900
X 107000  Y 45700
X 107000  Y 68000
X 107000  Y 86000

Drill: 35  Tool: 2  Feed: 197  Speed: 550
X 57000  Y -418000
X 67000  Y -418000
X -41400  Y 27600
X -51400  Y 27600

Drill: 37  Tool: 3  Feed: 197  Speed: 550
X -146000  Y -345000
X -136000  Y -345000
X -146000  Y -335000
X -136000  Y -335000
X -146000  Y -325000
X -136000  Y -325000
X -146000  Y -315000
X -136000  Y -315000
X -146000  Y -305000
X -136000  Y -305000
X -146000  Y -295000
X -136000  Y -295000
X -146000  Y -285000
X -136000  Y -285000
X -146000  Y -275000
X -136000  Y -275000
X -146000  Y -51500
X -136000  Y -51500
X -146000  Y -41500
X -136000  Y -41500
X -146000  Y -31500
X -136000  Y -31500
X -146000  Y -21500
X -136000  Y -21500
X -146000  Y -11500
X -136000  Y -11500
X -146000  Y -1500
X -136000  Y -1500
X -146000  Y 8500
X -136000  Y 8500
X -146000  Y 18500
X -136000  Y 18500

Drill: 55  Tool: 4  Feed: 107  Speed: 550
X -71692  Y -298014
X 63740  Y -298014
X -71692  Y -32011
X 63740  Y -32011

Drill: 63  Tool: 5  Feed: 89  Speed: 550
X 46700  Y -176500
X 80400  Y -73100

Drill: 67.5  Tool: 6  Feed: 89  Speed: 550
X 36700  Y -186500
X 56700  Y -186500
X 36700  Y -166500
X 56700  Y -166500
X 90400  Y -63100
X 70400  Y -63100
X 90400  Y -83100
X 70400  Y -83100

Drill: 125  Tool: 7  Feed: 35  Speed: 794
X -145000  Y -430000
X -105000  Y -250000
X -105000  Y -80000
X -145000  Y 100000
X 100163  Y 99929
X 100000  Y -120000
X 100000  Y -210000
X 100000  Y -430000

End of Listing
